-------------------------------------------------------------------------------
Test set: NopCom.TestSuit
-------------------------------------------------------------------------------
Tests run: 6, Failures: 1, Errors: 0, Skipped: 5, Time elapsed: 0.914 s <<< FAILURE! - in NopCom.TestSuit
openBrowser(NopCom.TestSuit)  Time elapsed: 0.526 s  <<< FAILURE!
java.lang.NoClassDefFoundError: org/openqa/selenium/logging/LoggingHandler
Caused by: java.lang.ClassNotFoundException: org.openqa.selenium.logging.LoggingHandler

